app/build/intermediates/manifest_merge_blame_file/debug/processDebugMainManifest/manifest-merger-blame-debug-report.txt
1<?xml version="1.0" encoding="utf-8"?>
2<manifest xmlns:android="http://schemas.android.com/apk/res/android"
3    package="com.contextwallet"
4    android:versionCode="1"
5    android:versionName="1.0" >
6
7    <uses-sdk
8        android:minSdkVersion="26"
9        android:targetSdkVersion="34" />
10
11    <!-- Location permissions -->
12    <uses-permission android:name="android.permission.ACCESS_FINE_LOCATION" />
12-->src/main/AndroidManifest.xml:6:5-79
12-->src/main/AndroidManifest.xml:6:22-76
13    <uses-permission android:name="android.permission.ACCESS_COARSE_LOCATION" />
13-->src/main/AndroidManifest.xml:7:5-81
13-->src/main/AndroidManifest.xml:7:22-78
14
15    <!-- Notification permission for Android 13+ -->
16    <uses-permission android:name="android.permission.POST_NOTIFICATIONS" />
16-->src/main/AndroidManifest.xml:10:5-77
16-->src/main/AndroidManifest.xml:10:22-74
17
18    <!-- Internet for potential future features -->
19    <uses-permission android:name="android.permission.INTERNET" />
19-->src/main/AndroidManifest.xml:13:5-67
19-->src/main/AndroidManifest.xml:13:22-64
20
21    <!-- Read external storage for importing documents -->
22    <uses-permission
22-->src/main/AndroidManifest.xml:16:5-17:38
23        android:name="android.permission.READ_EXTERNAL_STORAGE"
23-->src/main/AndroidManifest.xml:16:22-77
24        android:maxSdkVersion="32" />
24-->src/main/AndroidManifest.xml:17:9-35
25    <uses-permission android:name="android.permission.READ_MEDIA_IMAGES" />
25-->src/main/AndroidManifest.xml:18:5-76
25-->src/main/AndroidManifest.xml:18:22-73
26    <uses-permission android:name="android.permission.READ_MEDIA_DOCUMENTS" />
26-->src/main/AndroidManifest.xml:19:5-79
26-->src/main/AndroidManifest.xml:19:22-76
27    <uses-permission android:name="android.permission.WAKE_LOCK" />
27-->[androidx.work:work-runtime:2.9.0] AndroidManifest.xml:23:5-68
27-->[androidx.work:work-runtime:2.9.0] AndroidManifest.xml:23:22-65
28    <uses-permission android:name="android.permission.ACCESS_NETWORK_STATE" />
28-->[androidx.work:work-runtime:2.9.0] AndroidManifest.xml:24:5-79
28-->[androidx.work:work-runtime:2.9.0] AndroidManifest.xml:24:22-76
29    <uses-permission android:name="android.permission.RECEIVE_BOOT_COMPLETED" />
29-->[androidx.work:work-runtime:2.9.0] AndroidManifest.xml:25:5-81
29-->[androidx.work:work-runtime:2.9.0] AndroidManifest.xml:25:22-78
30    <uses-permission android:name="android.permission.FOREGROUND_SERVICE" />
30-->[androidx.work:work-runtime:2.9.0] AndroidManifest.xml:26:5-77
30-->[androidx.work:work-runtime:2.9.0] AndroidManifest.xml:26:22-74
31
32    <uses-feature
32-->[com.google.android.gms:play-services-maps:18.2.0] AndroidManifest.xml:26:5-28:35
33        android:glEsVersion="0x00020000"
33-->[com.google.android.gms:play-services-maps:18.2.0] AndroidManifest.xml:27:9-41
34        android:required="true" />
34-->[com.google.android.gms:play-services-maps:18.2.0] AndroidManifest.xml:28:9-32
35
36    <queries>
36-->[com.google.android.gms:play-services-maps:18.2.0] AndroidManifest.xml:30:5-34:15
37
38        <!-- Needs to be explicitly declared on Android R+ -->
39        <package android:name="com.google.android.apps.maps" />
39-->[com.google.android.gms:play-services-maps:18.2.0] AndroidManifest.xml:33:9-64
39-->[com.google.android.gms:play-services-maps:18.2.0] AndroidManifest.xml:33:18-61
40    </queries>
41
42    <permission
42-->[androidx.core:core:1.13.1] AndroidManifest.xml:22:5-24:47
43        android:name="com.contextwallet.DYNAMIC_RECEIVER_NOT_EXPORTED_PERMISSION"
43-->[androidx.core:core:1.13.1] AndroidManifest.xml:23:9-81
44        android:protectionLevel="signature" />
44-->[androidx.core:core:1.13.1] AndroidManifest.xml:24:9-44
45
46    <uses-permission android:name="com.contextwallet.DYNAMIC_RECEIVER_NOT_EXPORTED_PERMISSION" />
46-->[androidx.core:core:1.13.1] AndroidManifest.xml:26:5-97
46-->[androidx.core:core:1.13.1] AndroidManifest.xml:26:22-94
47
48    <application
48-->src/main/AndroidManifest.xml:21:5-84:19
49        android:name="com.contextwallet.ContextWalletApplication"
49-->src/main/AndroidManifest.xml:22:9-49
50        android:allowBackup="true"
50-->src/main/AndroidManifest.xml:23:9-35
51        android:appComponentFactory="androidx.core.app.CoreComponentFactory"
51-->[androidx.core:core:1.13.1] AndroidManifest.xml:28:18-86
52        android:dataExtractionRules="@xml/data_extraction_rules"
52-->src/main/AndroidManifest.xml:24:9-65
53        android:debuggable="true"
54        android:extractNativeLibs="false"
55        android:fullBackupContent="@xml/backup_rules"
55-->src/main/AndroidManifest.xml:25:9-54
56        android:icon="@mipmap/ic_launcher"
56-->src/main/AndroidManifest.xml:26:9-43
57        android:label="@string/app_name"
57-->src/main/AndroidManifest.xml:27:9-41
58        android:roundIcon="@mipmap/ic_launcher_round"
58-->src/main/AndroidManifest.xml:28:9-54
59        android:supportsRtl="true"
59-->src/main/AndroidManifest.xml:29:9-35
60        android:theme="@style/Theme.ContextWallet" >
60-->src/main/AndroidManifest.xml:30:9-51
61        <activity
61-->src/main/AndroidManifest.xml:33:9-60:20
62            android:name="com.contextwallet.ui.MainActivity"
62-->src/main/AndroidManifest.xml:34:13-44
63            android:exported="true"
63-->src/main/AndroidManifest.xml:35:13-36
64            android:theme="@style/Theme.ContextWallet" >
64-->src/main/AndroidManifest.xml:36:13-55
65            <intent-filter>
65-->src/main/AndroidManifest.xml:37:13-40:29
66                <action android:name="android.intent.action.MAIN" />
66-->src/main/AndroidManifest.xml:38:17-69
66-->src/main/AndroidManifest.xml:38:25-66
67
68                <category android:name="android.intent.category.LAUNCHER" />
68-->src/main/AndroidManifest.xml:39:17-77
68-->src/main/AndroidManifest.xml:39:27-74
69            </intent-filter>
70
71            <!-- Intent filters for receiving shared documents -->
72            <intent-filter>
72-->src/main/AndroidManifest.xml:43:13-47:29
73                <action android:name="android.intent.action.SEND" />
73-->src/main/AndroidManifest.xml:44:17-69
73-->src/main/AndroidManifest.xml:44:25-66
74
75                <category android:name="android.intent.category.DEFAULT" />
75-->src/main/AndroidManifest.xml:45:17-76
75-->src/main/AndroidManifest.xml:45:27-73
76
77                <data android:mimeType="image/*" />
77-->src/main/AndroidManifest.xml:46:17-52
77-->src/main/AndroidManifest.xml:46:23-49
78            </intent-filter>
79            <intent-filter>
79-->src/main/AndroidManifest.xml:49:13-53:29
80                <action android:name="android.intent.action.SEND" />
80-->src/main/AndroidManifest.xml:44:17-69
80-->src/main/AndroidManifest.xml:44:25-66
81
82                <category android:name="android.intent.category.DEFAULT" />
82-->src/main/AndroidManifest.xml:45:17-76
82-->src/main/AndroidManifest.xml:45:27-73
83
84                <data android:mimeType="application/pdf" />
84-->src/main/AndroidManifest.xml:46:17-52
84-->src/main/AndroidManifest.xml:46:23-49
85            </intent-filter>
86            <intent-filter>
86-->src/main/AndroidManifest.xml:55:13-59:29
87                <action android:name="android.intent.action.SEND" />
87-->src/main/AndroidManifest.xml:44:17-69
87-->src/main/AndroidManifest.xml:44:25-66
88
89                <category android:name="android.intent.category.DEFAULT" />
89-->src/main/AndroidManifest.xml:45:17-76
89-->src/main/AndroidManifest.xml:45:27-73
90
91                <data android:mimeType="*/*" />
91-->src/main/AndroidManifest.xml:46:17-52
91-->src/main/AndroidManifest.xml:46:23-49
92            </intent-filter>
93        </activity>
94
95        <!-- FileProvider for sharing files -->
96        <provider
97            android:name="androidx.core.content.FileProvider"
97-->src/main/AndroidManifest.xml:64:13-62
98            android:authorities="com.contextwallet.fileprovider"
98-->src/main/AndroidManifest.xml:65:13-64
99            android:exported="false"
99-->src/main/AndroidManifest.xml:66:13-37
100            android:grantUriPermissions="true" >
100-->src/main/AndroidManifest.xml:67:13-47
101            <meta-data
101-->src/main/AndroidManifest.xml:68:13-70:54
102                android:name="android.support.FILE_PROVIDER_PATHS"
102-->src/main/AndroidManifest.xml:69:17-67
103                android:resource="@xml/file_paths" />
103-->src/main/AndroidManifest.xml:70:17-51
104        </provider>
105
106        <!-- WorkManager initialization -->
107        <provider
108            android:name="androidx.startup.InitializationProvider"
108-->src/main/AndroidManifest.xml:75:13-67
109            android:authorities="com.contextwallet.androidx-startup"
109-->src/main/AndroidManifest.xml:76:13-68
110            android:exported="false" >
110-->src/main/AndroidManifest.xml:77:13-37
111            <meta-data
111-->[androidx.emoji2:emoji2:1.3.0] AndroidManifest.xml:29:13-31:52
112                android:name="androidx.emoji2.text.EmojiCompatInitializer"
112-->[androidx.emoji2:emoji2:1.3.0] AndroidManifest.xml:30:17-75
113                android:value="androidx.startup" />
113-->[androidx.emoji2:emoji2:1.3.0] AndroidManifest.xml:31:17-49
114            <meta-data
114-->[androidx.lifecycle:lifecycle-process:2.8.7] AndroidManifest.xml:29:13-31:52
115                android:name="androidx.lifecycle.ProcessLifecycleInitializer"
115-->[androidx.lifecycle:lifecycle-process:2.8.7] AndroidManifest.xml:30:17-78
116                android:value="androidx.startup" />
116-->[androidx.lifecycle:lifecycle-process:2.8.7] AndroidManifest.xml:31:17-49
117            <meta-data
117-->[androidx.profileinstaller:profileinstaller:1.3.1] AndroidManifest.xml:29:13-31:52
118                android:name="androidx.profileinstaller.ProfileInstallerInitializer"
118-->[androidx.profileinstaller:profileinstaller:1.3.1] AndroidManifest.xml:30:17-85
119                android:value="androidx.startup" />
119-->[androidx.profileinstaller:profileinstaller:1.3.1] AndroidManifest.xml:31:17-49
120        </provider>
121
122        <service
122-->[androidx.work:work-runtime:2.9.0] AndroidManifest.xml:39:9-45:35
123            android:name="androidx.work.impl.background.systemalarm.SystemAlarmService"
123-->[androidx.work:work-runtime:2.9.0] AndroidManifest.xml:40:13-88
124            android:directBootAware="false"
124-->[androidx.work:work-runtime:2.9.0] AndroidManifest.xml:41:13-44
125            android:enabled="@bool/enable_system_alarm_service_default"
125-->[androidx.work:work-runtime:2.9.0] AndroidManifest.xml:42:13-72
126            android:exported="false" />
126-->[androidx.work:work-runtime:2.9.0] AndroidManifest.xml:43:13-37
127        <service
127-->[androidx.work:work-runtime:2.9.0] AndroidManifest.xml:46:9-52:35
128            android:name="androidx.work.impl.background.systemjob.SystemJobService"
128-->[androidx.work:work-runtime:2.9.0] AndroidManifest.xml:47:13-84
129            android:directBootAware="false"
129-->[androidx.work:work-runtime:2.9.0] AndroidManifest.xml:48:13-44
130            android:enabled="@bool/enable_system_job_service_default"
130-->[androidx.work:work-runtime:2.9.0] AndroidManifest.xml:49:13-70
131            android:exported="true"
131-->[androidx.work:work-runtime:2.9.0] AndroidManifest.xml:50:13-36
132            android:permission="android.permission.BIND_JOB_SERVICE" />
132-->[androidx.work:work-runtime:2.9.0] AndroidManifest.xml:51:13-69
133        <service
133-->[androidx.work:work-runtime:2.9.0] AndroidManifest.xml:53:9-59:35
134            android:name="androidx.work.impl.foreground.SystemForegroundService"
134-->[androidx.work:work-runtime:2.9.0] AndroidManifest.xml:54:13-81
135            android:directBootAware="false"
135-->[androidx.work:work-runtime:2.9.0] AndroidManifest.xml:55:13-44
136            android:enabled="@bool/enable_system_foreground_service_default"
136-->[androidx.work:work-runtime:2.9.0] AndroidManifest.xml:56:13-77
137            android:exported="false" />
137-->[androidx.work:work-runtime:2.9.0] AndroidManifest.xml:57:13-37
138
139        <receiver
139-->[androidx.work:work-runtime:2.9.0] AndroidManifest.xml:61:9-66:35
140            android:name="androidx.work.impl.utils.ForceStopRunnable$BroadcastReceiver"
140-->[androidx.work:work-runtime:2.9.0] AndroidManifest.xml:62:13-88
141            android:directBootAware="false"
141-->[androidx.work:work-runtime:2.9.0] AndroidManifest.xml:63:13-44
142            android:enabled="true"
142-->[androidx.work:work-runtime:2.9.0] AndroidManifest.xml:64:13-35
143            android:exported="false" />
143-->[androidx.work:work-runtime:2.9.0] AndroidManifest.xml:65:13-37
144        <receiver
144-->[androidx.work:work-runtime:2.9.0] AndroidManifest.xml:67:9-77:20
145            android:name="androidx.work.impl.background.systemalarm.ConstraintProxy$BatteryChargingProxy"
145-->[androidx.work:work-runtime:2.9.0] AndroidManifest.xml:68:13-106
146            android:directBootAware="false"
146-->[androidx.work:work-runtime:2.9.0] AndroidManifest.xml:69:13-44
147            android:enabled="false"
147-->[androidx.work:work-runtime:2.9.0] AndroidManifest.xml:70:13-36
148            android:exported="false" >
148-->[androidx.work:work-runtime:2.9.0] AndroidManifest.xml:71:13-37
149            <intent-filter>
149-->[androidx.work:work-runtime:2.9.0] AndroidManifest.xml:73:13-76:29
150                <action android:name="android.intent.action.ACTION_POWER_CONNECTED" />
150-->[androidx.work:work-runtime:2.9.0] AndroidManifest.xml:74:17-87
150-->[androidx.work:work-runtime:2.9.0] AndroidManifest.xml:74:25-84
151                <action android:name="android.intent.action.ACTION_POWER_DISCONNECTED" />
151-->[androidx.work:work-runtime:2.9.0] AndroidManifest.xml:75:17-90
151-->[androidx.work:work-runtime:2.9.0] AndroidManifest.xml:75:25-87
152            </intent-filter>
153        </receiver>
154        <receiver
154-->[androidx.work:work-runtime:2.9.0] AndroidManifest.xml:78:9-88:20
155            android:name="androidx.work.impl.background.systemalarm.ConstraintProxy$BatteryNotLowProxy"
155-->[androidx.work:work-runtime:2.9.0] AndroidManifest.xml:79:13-104
156            android:directBootAware="false"
156-->[androidx.work:work-runtime:2.9.0] AndroidManifest.xml:80:13-44
157            android:enabled="false"
157-->[androidx.work:work-runtime:2.9.0] AndroidManifest.xml:81:13-36
158            android:exported="false" >
158-->[androidx.work:work-runtime:2.9.0] AndroidManifest.xml:82:13-37
159            <intent-filter>
159-->[androidx.work:work-runtime:2.9.0] AndroidManifest.xml:84:13-87:29
160                <action android:name="android.intent.action.BATTERY_OKAY" />
160-->[androidx.work:work-runtime:2.9.0] AndroidManifest.xml:85:17-77
160-->[androidx.work:work-runtime:2.9.0] AndroidManifest.xml:85:25-74
161                <action android:name="android.intent.action.BATTERY_LOW" />
161-->[androidx.work:work-runtime:2.9.0] AndroidManifest.xml:86:17-76
161-->[androidx.work:work-runtime:2.9.0] AndroidManifest.xml:86:25-73
162            </intent-filter>
163        </receiver>
164        <receiver
164-->[androidx.work:work-runtime:2.9.0] AndroidManifest.xml:89:9-99:20
165            android:name="androidx.work.impl.background.systemalarm.ConstraintProxy$StorageNotLowProxy"
165-->[androidx.work:work-runtime:2.9.0] AndroidManifest.xml:90:13-104
166            android:directBootAware="false"
166-->[androidx.work:work-runtime:2.9.0] AndroidManifest.xml:91:13-44
167            android:enabled="false"
167-->[androidx.work:work-runtime:2.9.0] AndroidManifest.xml:92:13-36
168            android:exported="false" >
168-->[androidx.work:work-runtime:2.9.0] AndroidManifest.xml:93:13-37
169            <intent-filter>
169-->[androidx.work:work-runtime:2.9.0] AndroidManifest.xml:95:13-98:29
170                <action android:name="android.intent.action.DEVICE_STORAGE_LOW" />
170-->[androidx.work:work-runtime:2.9.0] AndroidManifest.xml:96:17-83
170-->[androidx.work:work-runtime:2.9.0] AndroidManifest.xml:96:25-80
171                <action android:name="android.intent.action.DEVICE_STORAGE_OK" />
171-->[androidx.work:work-runtime:2.9.0] AndroidManifest.xml:97:17-82
171-->[androidx.work:work-runtime:2.9.0] AndroidManifest.xml:97:25-79
172            </intent-filter>
173        </receiver>
174        <receiver
174-->[androidx.work:work-runtime:2.9.0] AndroidManifest.xml:100:9-109:20
175            android:name="androidx.work.impl.background.systemalarm.ConstraintProxy$NetworkStateProxy"
175-->[androidx.work:work-runtime:2.9.0] AndroidManifest.xml:101:13-103
176            android:directBootAware="false"
176-->[androidx.work:work-runtime:2.9.0] AndroidManifest.xml:102:13-44
177            android:enabled="false"
177-->[androidx.work:work-runtime:2.9.0] AndroidManifest.xml:103:13-36
178            android:exported="false" >
178-->[androidx.work:work-runtime:2.9.0] AndroidManifest.xml:104:13-37
179            <intent-filter>
179-->[androidx.work:work-runtime:2.9.0] AndroidManifest.xml:106:13-108:29
180                <action android:name="android.net.conn.CONNECTIVITY_CHANGE" />
180-->[androidx.work:work-runtime:2.9.0] AndroidManifest.xml:107:17-79
180-->[androidx.work:work-runtime:2.9.0] AndroidManifest.xml:107:25-76
181            </intent-filter>
182        </receiver>
183        <receiver
183-->[androidx.work:work-runtime:2.9.0] AndroidManifest.xml:110:9-121:20
184            android:name="androidx.work.impl.background.systemalarm.RescheduleReceiver"
184-->[androidx.work:work-runtime:2.9.0] AndroidManifest.xml:111:13-88
185            android:directBootAware="false"
185-->[androidx.work:work-runtime:2.9.0] AndroidManifest.xml:112:13-44
186            android:enabled="false"
186-->[androidx.work:work-runtime:2.9.0] AndroidManifest.xml:113:13-36
187            android:exported="false" >
187-->[androidx.work:work-runtime:2.9.0] AndroidManifest.xml:114:13-37
188            <intent-filter>
188-->[androidx.work:work-runtime:2.9.0] AndroidManifest.xml:116:13-120:29
189                <action android:name="android.intent.action.BOOT_COMPLETED" />
189-->[androidx.work:work-runtime:2.9.0] AndroidManifest.xml:117:17-79
189-->[androidx.work:work-runtime:2.9.0] AndroidManifest.xml:117:25-76
190                <action android:name="android.intent.action.TIME_SET" />
190-->[androidx.work:work-runtime:2.9.0] AndroidManifest.xml:118:17-73
190-->[androidx.work:work-runtime:2.9.0] AndroidManifest.xml:118:25-70
191                <action android:name="android.intent.action.TIMEZONE_CHANGED" />
191-->[androidx.work:work-runtime:2.9.0] AndroidManifest.xml:119:17-81
191-->[androidx.work:work-runtime:2.9.0] AndroidManifest.xml:119:25-78
192            </intent-filter>
193        </receiver>
194        <receiver
194-->[androidx.work:work-runtime:2.9.0] AndroidManifest.xml:122:9-131:20
195            android:name="androidx.work.impl.background.systemalarm.ConstraintProxyUpdateReceiver"
195-->[androidx.work:work-runtime:2.9.0] AndroidManifest.xml:123:13-99
196            android:directBootAware="false"
196-->[androidx.work:work-runtime:2.9.0] AndroidManifest.xml:124:13-44
197            android:enabled="@bool/enable_system_alarm_service_default"
197-->[androidx.work:work-runtime:2.9.0] AndroidManifest.xml:125:13-72
198            android:exported="false" >
198-->[androidx.work:work-runtime:2.9.0] AndroidManifest.xml:126:13-37
199            <intent-filter>
199-->[androidx.work:work-runtime:2.9.0] AndroidManifest.xml:128:13-130:29
200                <action android:name="androidx.work.impl.background.systemalarm.UpdateProxies" />
200-->[androidx.work:work-runtime:2.9.0] AndroidManifest.xml:129:17-98
200-->[androidx.work:work-runtime:2.9.0] AndroidManifest.xml:129:25-95
201            </intent-filter>
202        </receiver>
203        <receiver
203-->[androidx.work:work-runtime:2.9.0] AndroidManifest.xml:132:9-142:20
204            android:name="androidx.work.impl.diagnostics.DiagnosticsReceiver"
204-->[androidx.work:work-runtime:2.9.0] AndroidManifest.xml:133:13-78
205            android:directBootAware="false"
205-->[androidx.work:work-runtime:2.9.0] AndroidManifest.xml:134:13-44
206            android:enabled="true"
206-->[androidx.work:work-runtime:2.9.0] AndroidManifest.xml:135:13-35
207            android:exported="true"
207-->[androidx.work:work-runtime:2.9.0] AndroidManifest.xml:136:13-36
208            android:permission="android.permission.DUMP" >
208-->[androidx.work:work-runtime:2.9.0] AndroidManifest.xml:137:13-57
209            <intent-filter>
209-->[androidx.work:work-runtime:2.9.0] AndroidManifest.xml:139:13-141:29
210                <action android:name="androidx.work.diagnostics.REQUEST_DIAGNOSTICS" />
210-->[androidx.work:work-runtime:2.9.0] AndroidManifest.xml:140:17-88
210-->[androidx.work:work-runtime:2.9.0] AndroidManifest.xml:140:25-85
211            </intent-filter>
212        </receiver> <!-- Needs to be explicitly declared on P+ -->
213        <uses-library
213-->[com.google.android.gms:play-services-maps:18.2.0] AndroidManifest.xml:39:9-41:40
214            android:name="org.apache.http.legacy"
214-->[com.google.android.gms:play-services-maps:18.2.0] AndroidManifest.xml:40:13-50
215            android:required="false" />
215-->[com.google.android.gms:play-services-maps:18.2.0] AndroidManifest.xml:41:13-37
216
217        <activity
217-->[com.google.android.gms:play-services-base:18.1.0] AndroidManifest.xml:20:9-22:45
218            android:name="com.google.android.gms.common.api.GoogleApiActivity"
218-->[com.google.android.gms:play-services-base:18.1.0] AndroidManifest.xml:20:19-85
219            android:exported="false"
219-->[com.google.android.gms:play-services-base:18.1.0] AndroidManifest.xml:22:19-43
220            android:theme="@android:style/Theme.Translucent.NoTitleBar" />
220-->[com.google.android.gms:play-services-base:18.1.0] AndroidManifest.xml:21:19-78
221
222        <service
222-->[androidx.room:room-runtime:2.6.1] AndroidManifest.xml:24:9-28:63
223            android:name="androidx.room.MultiInstanceInvalidationService"
223-->[androidx.room:room-runtime:2.6.1] AndroidManifest.xml:25:13-74
224            android:directBootAware="true"
224-->[androidx.room:room-runtime:2.6.1] AndroidManifest.xml:26:13-43
225            android:exported="false" />
225-->[androidx.room:room-runtime:2.6.1] AndroidManifest.xml:27:13-37
226
227        <activity
227-->[androidx.compose.ui:ui-test-manifest:1.7.6] AndroidManifest.xml:23:9-25:39
228            android:name="androidx.activity.ComponentActivity"
228-->[androidx.compose.ui:ui-test-manifest:1.7.6] AndroidManifest.xml:24:13-63
229            android:exported="true" />
229-->[androidx.compose.ui:ui-test-manifest:1.7.6] AndroidManifest.xml:25:13-36
230        <activity
230-->[androidx.compose.ui:ui-tooling-android:1.7.6] AndroidManifest.xml:23:9-25:39
231            android:name="androidx.compose.ui.tooling.PreviewActivity"
231-->[androidx.compose.ui:ui-tooling-android:1.7.6] AndroidManifest.xml:24:13-71
232            android:exported="true" />
232-->[androidx.compose.ui:ui-tooling-android:1.7.6] AndroidManifest.xml:25:13-36
233
234        <meta-data
234-->[com.google.android.gms:play-services-basement:18.1.0] AndroidManifest.xml:21:9-23:69
235            android:name="com.google.android.gms.version"
235-->[com.google.android.gms:play-services-basement:18.1.0] AndroidManifest.xml:22:13-58
236            android:value="@integer/google_play_services_version" />
236-->[com.google.android.gms:play-services-basement:18.1.0] AndroidManifest.xml:23:13-66
237
238        <receiver
238-->[androidx.profileinstaller:profileinstaller:1.3.1] AndroidManifest.xml:34:9-52:20
239            android:name="androidx.profileinstaller.ProfileInstallReceiver"
239-->[androidx.profileinstaller:profileinstaller:1.3.1] AndroidManifest.xml:35:13-76
240            android:directBootAware="false"
240-->[androidx.profileinstaller:profileinstaller:1.3.1] AndroidManifest.xml:36:13-44
241            android:enabled="true"
241-->[androidx.profileinstaller:profileinstaller:1.3.1] AndroidManifest.xml:37:13-35
242            android:exported="true"
242-->[androidx.profileinstaller:profileinstaller:1.3.1] AndroidManifest.xml:38:13-36
243            android:permission="android.permission.DUMP" >
243-->[androidx.profileinstaller:profileinstaller:1.3.1] AndroidManifest.xml:39:13-57
244            <intent-filter>
244-->[androidx.profileinstaller:profileinstaller:1.3.1] AndroidManifest.xml:40:13-42:29
245                <action android:name="androidx.profileinstaller.action.INSTALL_PROFILE" />
245-->[androidx.profileinstaller:profileinstaller:1.3.1] AndroidManifest.xml:41:17-91
245-->[androidx.profileinstaller:profileinstaller:1.3.1] AndroidManifest.xml:41:25-88
246            </intent-filter>
247            <intent-filter>
247-->[androidx.profileinstaller:profileinstaller:1.3.1] AndroidManifest.xml:43:13-45:29
248                <action android:name="androidx.profileinstaller.action.SKIP_FILE" />
248-->[androidx.profileinstaller:profileinstaller:1.3.1] AndroidManifest.xml:44:17-85
248-->[androidx.profileinstaller:profileinstaller:1.3.1] AndroidManifest.xml:44:25-82
249            </intent-filter>
250            <intent-filter>
250-->[androidx.profileinstaller:profileinstaller:1.3.1] AndroidManifest.xml:46:13-48:29
251                <action android:name="androidx.profileinstaller.action.SAVE_PROFILE" />
251-->[androidx.profileinstaller:profileinstaller:1.3.1] AndroidManifest.xml:47:17-88
251-->[androidx.profileinstaller:profileinstaller:1.3.1] AndroidManifest.xml:47:25-85
252            </intent-filter>
253            <intent-filter>
253-->[androidx.profileinstaller:profileinstaller:1.3.1] AndroidManifest.xml:49:13-51:29
254                <action android:name="androidx.profileinstaller.action.BENCHMARK_OPERATION" />
254-->[androidx.profileinstaller:profileinstaller:1.3.1] AndroidManifest.xml:50:17-95
254-->[androidx.profileinstaller:profileinstaller:1.3.1] AndroidManifest.xml:50:25-92
255            </intent-filter>
256        </receiver>
257    </application>
258
259</manifest>